0 info it worked if it ends with ok
1 verbose cli [ 'C:\\Program Files\\nodejs\\node.exe',
1 verbose cli   'C:\\Program Files\\nodejs\\node_modules\\npm\\bin\\npm-cli.js',
1 verbose cli   'start' ]
2 info using npm@3.10.10
3 info using node@v6.10.2
4 verbose run-script [ 'prestart', 'start', 'poststart' ]
5 info lifecycle vue-ssr-test@1.0.0~prestart: vue-ssr-test@1.0.0
6 silly lifecycle vue-ssr-test@1.0.0~prestart: no script for prestart, continuing
7 info lifecycle vue-ssr-test@1.0.0~start: vue-ssr-test@1.0.0
8 verbose lifecycle vue-ssr-test@1.0.0~start: unsafe-perm in lifecycle true
9 verbose lifecycle vue-ssr-test@1.0.0~start: PATH: C:\Users\Administrator\AppData\Roaming\nvm\v6.10.2\node_modules\npm\bin\node-gyp-bin;F:\ssr-test\node_modules\.bin;D:\Git\mingw64\bin;D:\Git\usr\bin;C:\Users\Administrator\bin;C:\ProgramData\DockerDesktop\version-bin;C:\Program Files\Docker\Docker\Resources\bin;C:\Program Files (x86)\Common Files\Oracle\Java\javapath;C:\Windows\system32;C:\Windows;C:\Windows\System32\Wbem;C:\Windows\System32\WindowsPowerShell\v1.0;D:\Git\cmd;D:\Git\mingw64\bin;D:\Git\usr\bin;D:\Microsoft VS Code\bin;C:\Users\Administrator\AppData\Local\Programs\Python\Python37\Scripts;C:\Users\Administrator\AppData\Local\Programs\Python\Python37;C:\Program Files\Java\jdk1.8.0_171\bin;C:\Program Files\Java\jdk1.8.0_171\jre\bin;C:\Go\bin;D:\gopath\bin;D:\node-v8.11.4-win-x64;C:\Users\Administrator\AppData\Roaming\nvm;C:\Program Files\nodejs;D:\mysql-8.0.12-winx64\bin;C:\ProgramData\chocolatey\bin;D:\flutter\bin;D:\gradle-5.1-rc-3\bin;C:\Users\Administrator\.windows-build-tools\python27;C:\Users\Administrator\AppData\Roaming\nvm\v8.11.4\node_modules\npm\node_modules\npm-lifecycle\node-gyp-bin;C:\Program Files\nodejs\node_modules\windows-build-tools\node_modules\.bin;C:\Program Files\nodejs\node_modules\.bin;C:\Program Files (x86)\Common Files\Oracle\Java\javapath;C:\Windows\system32;C:\Windows;C:\Windows\System32\Wbem;C:\Windows\System32\WindowsPowerShell\v1.0;D:\Git\cmd;D:\Git\mingw64\bin;D:\Git\usr\bin;D:\Microsoft VS Code\bin;C:\Program Files\Java\jdk1.8.0_171\bin;C:\Program Files\Java\jdk1.8.0_171\jre\bin;C:\Go\bin;D:\gopath\bin;D:\node-v8.11.4-win-x64;C:\Users\Administrator\AppData\Roaming\nvm;C:\Program Files\nodejs;C:\Users\Administrator\AppData\Local\Programs\Python\Python37\Scripts;C:\Users\Administrator\AppData\Local\Programs\Python\Python37;C:\Users\Administrator\AppData\Local\Microsoft\WindowsApps;D:\Microsoft VS Code\bin;D:\gopath\bin;C:\Users\Administrator\AppData\Roaming\npm;C:\Users\Administrator\AppData\Local\Programs\Microsoft VS Code\bin;C:\Users\Administrator\AppData\Roaming\nvm;C:\Program Files\nodejs;C:\tools\dart-sdk\bin;C:\Users\Administrator\AppData\Roaming\Pub\Cache\bin
10 verbose lifecycle vue-ssr-test@1.0.0~start: CWD: F:\ssr-test
11 silly lifecycle vue-ssr-test@1.0.0~start: Args: [ '/d /s /c', 'node serve/run.js' ]
12 silly lifecycle vue-ssr-test@1.0.0~start: Returned: code: 1  signal: null
13 info lifecycle vue-ssr-test@1.0.0~start: Failed to exec start script
14 verbose stack Error: vue-ssr-test@1.0.0 start: `node serve/run.js`
14 verbose stack Exit status 1
14 verbose stack     at EventEmitter.<anonymous> (C:\Users\Administrator\AppData\Roaming\nvm\v6.10.2\node_modules\npm\lib\utils\lifecycle.js:255:16)
14 verbose stack     at emitTwo (events.js:106:13)
14 verbose stack     at EventEmitter.emit (events.js:191:7)
14 verbose stack     at ChildProcess.<anonymous> (C:\Users\Administrator\AppData\Roaming\nvm\v6.10.2\node_modules\npm\lib\utils\spawn.js:40:14)
14 verbose stack     at emitTwo (events.js:106:13)
14 verbose stack     at ChildProcess.emit (events.js:191:7)
14 verbose stack     at maybeClose (internal/child_process.js:886:16)
14 verbose stack     at Process.ChildProcess._handle.onexit (internal/child_process.js:226:5)
15 verbose pkgid vue-ssr-test@1.0.0
16 verbose cwd F:\ssr-test
17 error Windows_NT 10.0.14393
18 error argv "C:\\Program Files\\nodejs\\node.exe" "C:\\Program Files\\nodejs\\node_modules\\npm\\bin\\npm-cli.js" "start"
19 error node v6.10.2
20 error npm  v3.10.10
21 error code ELIFECYCLE
22 error vue-ssr-test@1.0.0 start: `node serve/run.js`
22 error Exit status 1
23 error Failed at the vue-ssr-test@1.0.0 start script 'node serve/run.js'.
23 error Make sure you have the latest version of node.js and npm installed.
23 error If you do, this is most likely a problem with the vue-ssr-test package,
23 error not with npm itself.
23 error Tell the author that this fails on your system:
23 error     node serve/run.js
23 error You can get information on how to open an issue for this project with:
23 error     npm bugs vue-ssr-test
23 error Or if that isn't available, you can get their info via:
23 error     npm owner ls vue-ssr-test
23 error There is likely additional logging output above.
24 verbose exit [ 1, true ]
